<?xml version="1.0" encoding="UTF-8" ?>
<!-- Cloud Foundry 2012.02.03 Beta Copyright (c) [2009-2012] VMware, Inc. All Rights Reserved. This product is licensed to 
	you under the Apache License, Version 2.0 (the "License"). You may not use this product except in compliance with the License. 
	This product includes a number of subcomponents with separate copyright notices and license terms. Your use of these subcomponents 
	is subject to the terms and conditions of the subcomponent's license, as noted in the LICENSE file. -->
<beans xmlns:xsi="http://www.w3.org/2001/XMLSchema-instance" xmlns="http://www.springframework.org/schema/beans"
	xsi:schemaLocation="http://www.springframework.org/schema/beans http://www.springframework.org/schema/beans/spring-beans-3.1.xsd">

	<bean id="accessDecisionManager" class="org.springframework.security.access.vote.UnanimousBased">
		<constructor-arg>
			<list>
				<bean class="org.springframework.security.oauth2.provider.vote.ScopeVoter" />
				<bean class="org.springframework.security.access.vote.RoleVoter" />
				<bean class="org.springframework.security.access.vote.AuthenticatedVoter" />
			</list>
		</constructor-arg>
	</bean>

</beans>
