<?xml version="1.0" encoding="UTF-8"?>
<!--

    Cloud Foundry 2012.02.03 Beta
    Copyright (c) [2009-2012] VMware, Inc. All Rights Reserved.

    This product is licensed to you under the Apache License, Version 2.0 (the "License").
    You may not use this product except in compliance with the License.

    This product includes a number of subcomponents with
    separate copyright notices and license terms. Your use of these
    subcomponents is subject to the terms and conditions of the
    subcomponent's license, as noted in the LICENSE file.

-->
<beans xmlns="http://www.springframework.org/schema/beans" xmlns:xsi="http://www.w3.org/2001/XMLSchema-instance"
	xmlns:context="http://www.springframework.org/schema/context" xmlns:jdbc="http://www.springframework.org/schema/jdbc"
	xsi:schemaLocation="http://www.springframework.org/schema/jdbc http://www.springframework.org/schema/jdbc/spring-jdbc-3.1.xsd
		http://www.springframework.org/schema/beans http://www.springframework.org/schema/beans/spring-beans.xsd
		http://www.springframework.org/schema/context http://www.springframework.org/schema/context/spring-context-3.1.xsd">
		
	<bean id="dataSource" class="org.apache.commons.dbcp.BasicDataSource" destroy-method="close">
		<property name="driverClassName" value="${database.driverClassName:org.hsqldb.jdbcDriver}" />
		<property name="url" value="${database.url:jdbc:hsqldb:mem:jdbcUaaTests}" />
		<property name="username" value="${database.username:sa}" />
		<property name="password" value="${database.password:}" />
	</bean>

	<bean id="jdbcTemplate" class="org.springframework.jdbc.core.JdbcTemplate">
		<property name="dataSource" ref="dataSource" />
	</bean>

	<jdbc:initialize-database ignore-failures="ALL" data-source="dataSource">
		<jdbc:script location="classpath:org/cloudfoundry/identity/uaa/schema-#{@platform}.sql" />
	</jdbc:initialize-database>

	<beans profile="default,hsqldb">
		<context:property-placeholder location="hsqldb.properties"/>
		<bean id="platform" class="java.lang.String">
			<constructor-arg value="hsqldb" />
		</bean>
	</beans>

	<beans profile="postgresql">
		<context:property-placeholder location="${POSTGRESQL_PROPERTIES:postgresql.properties}"/>
		<bean id="platform" class="java.lang.String">
			<constructor-arg value="postgresql" />
		</bean>
	</beans>
	
   <beans profile="mysql">
        <context:property-placeholder location="${MYSQL_PROPERTIES:mysql.properties}"/>
        <bean id="platform" class="java.lang.String">
            <constructor-arg value="mysql" />
        </bean>
    </beans>

</beans>
